<?xml version="1.0" encoding="UTF-8"?>
<!-- Generated by org.testng.reporters.JUnitReportReporter -->
<testsuite hostname="WINDOWS-BVQNF6J" failures="0" tests="1" name="com.citi.test.LoginUITest" time="6.242" errors="0" timestamp="2022-10-21T15:16:55 IST" skipped="0">
  <testcase classname="com.citi.test.LoginUITest" name="validateTitleTest" time="6.242"/>
  <system-out/>
</testsuite> <!-- com.citi.test.LoginUITest -->
