<?xml version="1.0" encoding="UTF-8"?>
<!-- Generated by org.testng.reporters.JUnitReportReporter -->
<testsuite hostname="WINDOWS-BVQNF6J" failures="0" tests="1" name="com.citi.test.LoginUITest" time="27.203" errors="0" timestamp="2022-10-19T17:53:33 IST" skipped="0">
  <testcase classname="com.citi.test.LoginUITest" name="validatePlaceholderTest" time="27.203"/>
  <system-out/>
</testsuite> <!-- com.citi.test.LoginUITest -->
