<?xml version="1.0" encoding="UTF-8"?>
<!-- Generated by org.testng.reporters.JUnitReportReporter -->
<testsuite hostname="WINDOWS-BVQNF6J" failures="0" tests="4" name="com.citi.test.LoginTest" time="50.337" errors="0" timestamp="2022-10-20T17:49:26 IST" skipped="0">
  <testcase classname="com.citi.test.LoginTest" name="invalidCredentialTest" time="12.177"/>
  <system-out/>
  <testcase classname="com.citi.test.LoginTest" name="invalidCredentialTest" time="13.857"/>
  <system-out/>
  <testcase classname="com.citi.test.LoginTest" name="invalidCredentialTest" time="12.418"/>
  <system-out/>
  <testcase classname="com.citi.test.LoginTest" name="invalidCredentialTest" time="11.885"/>
  <system-out/>
</testsuite> <!-- com.citi.test.LoginTest -->
