<?xml version="1.0" encoding="UTF-8"?>
<!-- Generated by org.testng.reporters.JUnitReportReporter -->
<testsuite hostname="WINDOWS-BVQNF6J" failures="0" tests="2" name="com.citi.test.LoginTest" time="20.441" errors="0" timestamp="2022-10-21T14:51:16 IST" skipped="0">
  <testcase classname="com.citi.test.LoginTest" name="validCredentialTest" time="9.587"/>
  <system-out/>
  <testcase classname="com.citi.test.LoginTest" name="validCredentialTest" time="10.854"/>
  <system-out/>
</testsuite> <!-- com.citi.test.LoginTest -->
