<?xml version="1.0" encoding="UTF-8"?>
<!-- Generated by org.testng.reporters.JUnitReportReporter -->
<testsuite hostname="WINDOWS-BVQNF6J" failures="0" tests="2" name="com.citi.test.LoginTest" time="15.291" errors="0" timestamp="2022-10-20T15:36:29 IST" skipped="0">
  <testcase classname="com.citi.test.LoginTest" name="invalidCredentialTest" time="7.052"/>
  <system-out/>
  <testcase classname="com.citi.test.LoginTest" name="invalidCredentialTest" time="8.239"/>
  <system-out/>
</testsuite> <!-- com.citi.test.LoginTest -->
